<?xml version="1.0" encoding="UTF-8"?>
<coverage generated="1692834691994" clover="3.2.0">
  <project timestamp="1692834691994" name="All files">
    <metrics statements="34" coveredstatements="0" conditionals="4" coveredconditionals="0" methods="17" coveredmethods="0" elements="55" coveredelements="0" complexity="0" loc="34" ncloc="34" packages="2" files="2" classes="2"/>
    <package name="components">
      <metrics statements="26" coveredstatements="0" conditionals="4" coveredconditionals="0" methods="14" coveredmethods="0"/>
      <file name="Options.js" path="C:\Users\hunterej\OneDrive - UT Arlington\Documents\DrupalProject\UTA_Librairies\src\components\Options.js">
        <metrics statements="26" coveredstatements="0" conditionals="4" coveredconditionals="0" methods="14" coveredmethods="0"/>
        <line num="12" count="0" type="stmt"/>
        <line num="14" count="0" type="stmt"/>
        <line num="23" count="0" type="stmt"/>
        <line num="39" count="0" type="stmt"/>
        <line num="40" count="0" type="stmt"/>
        <line num="41" count="0" type="stmt"/>
        <line num="43" count="0" type="stmt"/>
        <line num="44" count="0" type="stmt"/>
        <line num="46" count="0" type="stmt"/>
        <line num="47" count="0" type="stmt"/>
        <line num="48" count="0" type="stmt"/>
        <line num="49" count="0" type="stmt"/>
        <line num="53" count="0" type="stmt"/>
        <line num="54" count="0" type="stmt"/>
        <line num="55" count="0" type="stmt"/>
        <line num="57" count="0" type="stmt"/>
        <line num="58" count="0" type="stmt"/>
        <line num="59" count="0" type="stmt"/>
        <line num="63" count="0" type="stmt"/>
        <line num="66" count="0" type="stmt"/>
        <line num="77" count="0" type="stmt"/>
        <line num="93" count="0" type="stmt"/>
        <line num="97" count="0" type="stmt"/>
        <line num="147" count="0" type="stmt"/>
        <line num="151" count="0" type="stmt"/>
        <line num="171" count="0" type="stmt"/>
      </file>
    </package>
    <package name="screens">
      <metrics statements="8" coveredstatements="0" conditionals="0" coveredconditionals="0" methods="3" coveredmethods="0"/>
      <file name="NewsAndEventsScreen.js" path="C:\Users\hunterej\OneDrive - UT Arlington\Documents\DrupalProject\UTA_Librairies\src\screens\NewsAndEventsScreen.js">
        <metrics statements="8" coveredstatements="0" conditionals="0" coveredconditionals="0" methods="3" coveredmethods="0"/>
        <line num="8" count="0" type="stmt"/>
        <line num="9" count="0" type="stmt"/>
        <line num="10" count="0" type="stmt"/>
        <line num="12" count="0" type="stmt"/>
        <line num="15" count="0" type="stmt"/>
        <line num="31" count="0" type="stmt"/>
        <line num="41" count="0" type="stmt"/>
        <line num="52" count="0" type="stmt"/>
      </file>
    </package>
  </project>
</coverage>
