{"C:\\Users\\hunterej\\OneDrive - UT Arlington\\Documents\\DrupalProject\\UTA_Librairies\\src\\App.js": {"path":"C:\\Users\\hunterej\\OneDrive - UT Arlington\\Documents\\DrupalProject\\UTA_Librairies\\src\\App.js","statementMap":{"0":{"start":{"line":15,"column":14},"end":{"line":15,"column":42}},"1":{"start":{"line":16,"column":15},"end":{"line":16,"column":38}},"2":{"start":{"line":19,"column":2},"end":{"line":43,"column":4}},"3":{"start":{"line":22,"column":26},"end":{"line":22,"column":64}},"4":{"start":{"line":24,"column":27},"end":{"line":24,"column":49}},"5":{"start":{"line":47,"column":2},"end":{"line":71,"column":4}}},"fnMap":{"0":{"name":"DrawerNavigation","decl":{"start":{"line":18,"column":9},"end":{"line":18,"column":25}},"loc":{"start":{"line":18,"column":40},"end":{"line":44,"column":1}},"line":18},"1":{"name":"(anonymous_1)","decl":{"start":{"line":22,"column":20},"end":{"line":22,"column":21}},"loc":{"start":{"line":22,"column":26},"end":{"line":22,"column":64}},"line":22},"2":{"name":"(anonymous_2)","decl":{"start":{"line":24,"column":21},"end":{"line":24,"column":22}},"loc":{"start":{"line":24,"column":27},"end":{"line":24,"column":49}},"line":24},"3":{"name":"App","decl":{"start":{"line":46,"column":24},"end":{"line":46,"column":27}},"loc":{"start":{"line":46,"column":30},"end":{"line":72,"column":1}},"line":46}},"branchMap":{},"s":{"0":0,"1":0,"2":0,"3":0,"4":0,"5":0},"f":{"0":0,"1":0,"2":0,"3":0},"b":{}}
,"C:\\Users\\hunterej\\OneDrive - UT Arlington\\Documents\\DrupalProject\\UTA_Librairies\\src\\components\\BackButton.js": {"path":"C:\\Users\\hunterej\\OneDrive - UT Arlington\\Documents\\DrupalProject\\UTA_Librairies\\src\\components\\BackButton.js","statementMap":{"0":{"start":{"line":5,"column":2},"end":{"line":16,"column":4}},"1":{"start":{"line":6,"column":30},"end":{"line":6,"column":49}},"2":{"start":{"line":21,"column":15},"end":{"line":33,"column":2}}},"fnMap":{"0":{"name":"BackButton","decl":{"start":{"line":4,"column":9},"end":{"line":4,"column":19}},"loc":{"start":{"line":4,"column":34},"end":{"line":17,"column":1}},"line":4},"1":{"name":"(anonymous_1)","decl":{"start":{"line":6,"column":24},"end":{"line":6,"column":25}},"loc":{"start":{"line":6,"column":30},"end":{"line":6,"column":49}},"line":6}},"branchMap":{},"s":{"0":0,"1":0,"2":0},"f":{"0":0,"1":0},"b":{}}
,"C:\\Users\\hunterej\\OneDrive - UT Arlington\\Documents\\DrupalProject\\UTA_Librairies\\src\\components\\HeaderImage.js": {"path":"C:\\Users\\hunterej\\OneDrive - UT Arlington\\Documents\\DrupalProject\\UTA_Librairies\\src\\components\\HeaderImage.js","statementMap":{"0":{"start":{"line":4,"column":2},"end":{"line":15,"column":4}},"1":{"start":{"line":20,"column":20},"end":{"line":20,"column":50}},"2":{"start":{"line":22,"column":15},"end":{"line":36,"column":2}}},"fnMap":{"0":{"name":"HeaderImage","decl":{"start":{"line":3,"column":9},"end":{"line":3,"column":20}},"loc":{"start":{"line":3,"column":23},"end":{"line":16,"column":1}},"line":3}},"branchMap":{},"s":{"0":0,"1":0,"2":0},"f":{"0":0},"b":{}}
,"C:\\Users\\hunterej\\OneDrive - UT Arlington\\Documents\\DrupalProject\\UTA_Librairies\\src\\components\\Options.js": {"path":"C:\\Users\\hunterej\\OneDrive - UT Arlington\\Documents\\DrupalProject\\UTA_Librairies\\src\\components\\Options.js","statementMap":{"0":{"start":{"line":11,"column":16},"end":{"line":95,"column":1}},"1":{"start":{"line":13,"column":4},"end":{"line":13,"column":41}},"2":{"start":{"line":15,"column":2},"end":{"line":94,"column":4}},"3":{"start":{"line":31,"column":32},"end":{"line":34,"column":11}},"4":{"start":{"line":35,"column":25},"end":{"line":35,"column":59}},"5":{"start":{"line":99,"column":15},"end":{"line":119,"column":2}}},"fnMap":{"0":{"name":"(anonymous_0)","decl":{"start":{"line":11,"column":16},"end":{"line":11,"column":17}},"loc":{"start":{"line":11,"column":34},"end":{"line":95,"column":1}},"line":11},"1":{"name":"openDrawerHandler","decl":{"start":{"line":12,"column":11},"end":{"line":12,"column":28}},"loc":{"start":{"line":12,"column":46},"end":{"line":14,"column":3}},"line":12},"2":{"name":"(anonymous_2)","decl":{"start":{"line":31,"column":17},"end":{"line":31,"column":18}},"loc":{"start":{"line":31,"column":32},"end":{"line":34,"column":11}},"line":31},"3":{"name":"(anonymous_3)","decl":{"start":{"line":35,"column":19},"end":{"line":35,"column":20}},"loc":{"start":{"line":35,"column":25},"end":{"line":35,"column":59}},"line":35}},"branchMap":{"0":{"loc":{"start":{"line":33,"column":12},"end":{"line":33,"column":49}},"type":"cond-expr","locations":[{"start":{"line":33,"column":22},"end":{"line":33,"column":42}},{"start":{"line":33,"column":45},"end":{"line":33,"column":49}}],"line":33}},"s":{"0":1,"1":1,"2":13,"3":13,"4":1,"5":1},"f":{"0":13,"1":1,"2":13,"3":1},"b":{"0":[0,13]},"_coverageSchema":"1a1c01bbd47fc00a2c39e90264f33305004495a9","hash":"8cd0a8519f425c5f8c316e3c32b61e31b6c4ef33"}
,"C:\\Users\\hunterej\\OneDrive - UT Arlington\\Documents\\DrupalProject\\UTA_Librairies\\src\\constants\\styles.js": {"path":"C:\\Users\\hunterej\\OneDrive - UT Arlington\\Documents\\DrupalProject\\UTA_Librairies\\src\\constants\\styles.js","statementMap":{"0":{"start":{"line":1,"column":28},"end":{"line":16,"column":1}}},"fnMap":{},"branchMap":{},"s":{"0":1},"f":{},"b":{},"_coverageSchema":"1a1c01bbd47fc00a2c39e90264f33305004495a9","hash":"93be52ac7900f424038b96d39b8bb4acf29c91e7"}
,"C:\\Users\\hunterej\\OneDrive - UT Arlington\\Documents\\DrupalProject\\UTA_Librairies\\src\\constants\\urls.js": {"path":"C:\\Users\\hunterej\\OneDrive - UT Arlington\\Documents\\DrupalProject\\UTA_Librairies\\src\\constants\\urls.js","statementMap":{"0":{"start":{"line":2,"column":19},"end":{"line":2,"column":46}},"1":{"start":{"line":4,"column":24},"end":{"line":4,"column":66}},"2":{"start":{"line":7,"column":2},"end":{"line":7,"column":304}}},"fnMap":{},"branchMap":{},"s":{"0":0,"1":0,"2":0},"f":{},"b":{}}
,"C:\\Users\\hunterej\\OneDrive - UT Arlington\\Documents\\DrupalProject\\UTA_Librairies\\src\\screens\\HomeScreen.js": {"path":"C:\\Users\\hunterej\\OneDrive - UT Arlington\\Documents\\DrupalProject\\UTA_Librairies\\src\\screens\\HomeScreen.js","statementMap":{"0":{"start":{"line":9,"column":26},"end":{"line":9,"column":47}},"1":{"start":{"line":10,"column":22},"end":{"line":10,"column":45}},"2":{"start":{"line":11,"column":2},"end":{"line":17,"column":9}},"3":{"start":{"line":13,"column":20},"end":{"line":13,"column":41}},"4":{"start":{"line":14,"column":6},"end":{"line":14,"column":41}},"5":{"start":{"line":16,"column":4},"end":{"line":16,"column":18}},"6":{"start":{"line":19,"column":2},"end":{"line":26,"column":4}},"7":{"start":{"line":31,"column":15},"end":{"line":40,"column":2}}},"fnMap":{"0":{"name":"Home","decl":{"start":{"line":8,"column":9},"end":{"line":8,"column":13}},"loc":{"start":{"line":8,"column":35},"end":{"line":27,"column":1}},"line":8},"1":{"name":"(anonymous_1)","decl":{"start":{"line":11,"column":12},"end":{"line":11,"column":13}},"loc":{"start":{"line":11,"column":18},"end":{"line":17,"column":3}},"line":11},"2":{"name":"getBlogData","decl":{"start":{"line":12,"column":19},"end":{"line":12,"column":30}},"loc":{"start":{"line":12,"column":33},"end":{"line":15,"column":5}},"line":12}},"branchMap":{},"s":{"0":0,"1":0,"2":0,"3":0,"4":0,"5":0,"6":0,"7":0},"f":{"0":0,"1":0,"2":0},"b":{}}
,"C:\\Users\\hunterej\\OneDrive - UT Arlington\\Documents\\DrupalProject\\UTA_Librairies\\src\\screens\\NewsAndEventsScreen.js": {"path":"C:\\Users\\hunterej\\OneDrive - UT Arlington\\Documents\\DrupalProject\\UTA_Librairies\\src\\screens\\NewsAndEventsScreen.js","statementMap":{"0":{"start":{"line":9,"column":26},"end":{"line":9,"column":47}},"1":{"start":{"line":10,"column":22},"end":{"line":10,"column":45}},"2":{"start":{"line":11,"column":20},"end":{"line":11,"column":37}},"3":{"start":{"line":13,"column":19},"end":{"line":15,"column":5}},"4":{"start":{"line":16,"column":4},"end":{"line":29,"column":6}},"5":{"start":{"line":32,"column":2},"end":{"line":48,"column":4}},"6":{"start":{"line":42,"column":32},"end":{"line":42,"column":39}},"7":{"start":{"line":53,"column":15},"end":{"line":58,"column":2}}},"fnMap":{"0":{"name":"NewsAndEventsScreen","decl":{"start":{"line":8,"column":9},"end":{"line":8,"column":28}},"loc":{"start":{"line":8,"column":31},"end":{"line":49,"column":1}},"line":8},"1":{"name":"renderBlogItem","decl":{"start":{"line":12,"column":11},"end":{"line":12,"column":25}},"loc":{"start":{"line":12,"column":36},"end":{"line":30,"column":3}},"line":12},"2":{"name":"(anonymous_2)","decl":{"start":{"line":42,"column":22},"end":{"line":42,"column":23}},"loc":{"start":{"line":42,"column":32},"end":{"line":42,"column":39}},"line":42}},"branchMap":{},"s":{"0":0,"1":0,"2":0,"3":0,"4":0,"5":0,"6":0,"7":0},"f":{"0":0,"1":0,"2":0},"b":{}}
,"C:\\Users\\hunterej\\OneDrive - UT Arlington\\Documents\\DrupalProject\\UTA_Librairies\\src\\util\\blog_newAndEvents_dataFormatter.js": {"path":"C:\\Users\\hunterej\\OneDrive - UT Arlington\\Documents\\DrupalProject\\UTA_Librairies\\src\\util\\blog_newAndEvents_dataFormatter.js","statementMap":{"0":{"start":{"line":6,"column":16},"end":{"line":6,"column":18}},"1":{"start":{"line":8,"column":2},"end":{"line":22,"column":3}},"2":{"start":{"line":9,"column":24},"end":{"line":20,"column":5}},"3":{"start":{"line":21,"column":4},"end":{"line":21,"column":28}},"4":{"start":{"line":23,"column":2},"end":{"line":23,"column":15}},"5":{"start":{"line":27,"column":2},"end":{"line":33,"column":3}},"6":{"start":{"line":27,"column":15},"end":{"line":27,"column":16}},"7":{"start":{"line":28,"column":27},"end":{"line":28,"column":29}},"8":{"start":{"line":29,"column":4},"end":{"line":31,"column":5}},"9":{"start":{"line":29,"column":17},"end":{"line":29,"column":18}},"10":{"start":{"line":30,"column":6},"end":{"line":30,"column":67}},"11":{"start":{"line":32,"column":4},"end":{"line":32,"column":55}},"12":{"start":{"line":34,"column":2},"end":{"line":34,"column":19}},"13":{"start":{"line":38,"column":42},"end":{"line":38,"column":44}},"14":{"start":{"line":40,"column":2},"end":{"line":67,"column":3}},"15":{"start":{"line":41,"column":28},"end":{"line":44,"column":5}},"16":{"start":{"line":45,"column":4},"end":{"line":65,"column":5}},"17":{"start":{"line":46,"column":6},"end":{"line":47,"column":55}},"18":{"start":{"line":48,"column":11},"end":{"line":65,"column":5}},"19":{"start":{"line":53,"column":8},"end":{"line":53,"column":66}},"20":{"start":{"line":54,"column":23},"end":{"line":56,"column":7}},"21":{"start":{"line":57,"column":24},"end":{"line":57,"column":42}},"22":{"start":{"line":59,"column":8},"end":{"line":59,"column":68}},"23":{"start":{"line":60,"column":26},"end":{"line":60,"column":52}},"24":{"start":{"line":61,"column":27},"end":{"line":61,"column":48}},"25":{"start":{"line":62,"column":23},"end":{"line":62,"column":54}},"26":{"start":{"line":64,"column":6},"end":{"line":64,"column":91}},"27":{"start":{"line":66,"column":4},"end":{"line":66,"column":58}},"28":{"start":{"line":68,"column":2},"end":{"line":68,"column":41}},"29":{"start":{"line":75,"column":2},"end":{"line":85,"column":3}},"30":{"start":{"line":75,"column":15},"end":{"line":75,"column":16}},"31":{"start":{"line":76,"column":4},"end":{"line":83,"column":5}},"32":{"start":{"line":76,"column":17},"end":{"line":76,"column":18}},"33":{"start":{"line":77,"column":36},"end":{"line":79,"column":7}},"34":{"start":{"line":78,"column":21},"end":{"line":78,"column":72}},"35":{"start":{"line":81,"column":6},"end":{"line":82,"column":75}},"36":{"start":{"line":84,"column":4},"end":{"line":84,"column":59}},"37":{"start":{"line":86,"column":2},"end":{"line":86,"column":19}},"38":{"start":{"line":90,"column":2},"end":{"line":96,"column":3}},"39":{"start":{"line":90,"column":15},"end":{"line":90,"column":16}},"40":{"start":{"line":91,"column":21},"end":{"line":91,"column":68}},"41":{"start":{"line":92,"column":22},"end":{"line":92,"column":40}},"42":{"start":{"line":94,"column":6},"end":{"line":94,"column":66}},"43":{"start":{"line":95,"column":4},"end":{"line":95,"column":47}},"44":{"start":{"line":97,"column":2},"end":{"line":102,"column":3}},"45":{"start":{"line":97,"column":15},"end":{"line":97,"column":16}},"46":{"start":{"line":98,"column":21},"end":{"line":98,"column":68}},"47":{"start":{"line":99,"column":22},"end":{"line":99,"column":40}},"48":{"start":{"line":100,"column":21},"end":{"line":100,"column":49}},"49":{"start":{"line":101,"column":4},"end":{"line":101,"column":52}},"50":{"start":{"line":103,"column":2},"end":{"line":103,"column":19}}},"fnMap":{"0":{"name":"createInitialPosts","decl":{"start":{"line":5,"column":22},"end":{"line":5,"column":40}},"loc":{"start":{"line":5,"column":51},"end":{"line":24,"column":1}},"line":5},"1":{"name":"extractParagraphandImageIds","decl":{"start":{"line":26,"column":22},"end":{"line":26,"column":49}},"loc":{"start":{"line":26,"column":61},"end":{"line":35,"column":1}},"line":26},"2":{"name":"extractParagraphandImageValues","decl":{"start":{"line":37,"column":22},"end":{"line":37,"column":52}},"loc":{"start":{"line":37,"column":71},"end":{"line":69,"column":1}},"line":37},"3":{"name":"createBodyHtml","decl":{"start":{"line":71,"column":22},"end":{"line":71,"column":36}},"loc":{"start":{"line":74,"column":2},"end":{"line":87,"column":1}},"line":74},"4":{"name":"(anonymous_4)","decl":{"start":{"line":78,"column":8},"end":{"line":78,"column":9}},"loc":{"start":{"line":78,"column":21},"end":{"line":78,"column":72}},"line":78},"5":{"name":"getBlogFeaturedImageUrl","decl":{"start":{"line":89,"column":22},"end":{"line":89,"column":45}},"loc":{"start":{"line":89,"column":57},"end":{"line":104,"column":1}},"line":89}},"branchMap":{"0":{"loc":{"start":{"line":45,"column":4},"end":{"line":65,"column":5}},"type":"if","locations":[{"start":{"line":45,"column":4},"end":{"line":65,"column":5}},{"start":{"line":48,"column":11},"end":{"line":65,"column":5}}],"line":45},"1":{"loc":{"start":{"line":48,"column":11},"end":{"line":65,"column":5}},"type":"if","locations":[{"start":{"line":48,"column":11},"end":{"line":65,"column":5}},{"start":{},"end":{}}],"line":48},"2":{"loc":{"start":{"line":49,"column":6},"end":{"line":50,"column":67}},"type":"binary-expr","locations":[{"start":{"line":49,"column":6},"end":{"line":49,"column":58}},{"start":{"line":50,"column":6},"end":{"line":50,"column":67}}],"line":49},"3":{"loc":{"start":{"line":81,"column":6},"end":{"line":82,"column":74}},"type":"binary-expr","locations":[{"start":{"line":81,"column":6},"end":{"line":81,"column":58}},{"start":{"line":82,"column":8},"end":{"line":82,"column":74}}],"line":81}},"s":{"0":0,"1":0,"2":0,"3":0,"4":0,"5":0,"6":0,"7":0,"8":0,"9":0,"10":0,"11":0,"12":0,"13":0,"14":0,"15":0,"16":0,"17":0,"18":0,"19":0,"20":0,"21":0,"22":0,"23":0,"24":0,"25":0,"26":0,"27":0,"28":0,"29":0,"30":0,"31":0,"32":0,"33":0,"34":0,"35":0,"36":0,"37":0,"38":0,"39":0,"40":0,"41":0,"42":0,"43":0,"44":0,"45":0,"46":0,"47":0,"48":0,"49":0,"50":0},"f":{"0":0,"1":0,"2":0,"3":0,"4":0,"5":0},"b":{"0":[0,0],"1":[0,0],"2":[0,0],"3":[0,0]}}
,"C:\\Users\\hunterej\\OneDrive - UT Arlington\\Documents\\DrupalProject\\UTA_Librairies\\src\\util\\http.js": {"path":"C:\\Users\\hunterej\\OneDrive - UT Arlington\\Documents\\DrupalProject\\UTA_Librairies\\src\\util\\http.js","statementMap":{"0":{"start":{"line":12,"column":19},"end":{"line":35,"column":6}},"1":{"start":{"line":19,"column":6},"end":{"line":33,"column":7}},"2":{"start":{"line":22,"column":8},"end":{"line":22,"column":41}},"3":{"start":{"line":23,"column":8},"end":{"line":23,"column":43}},"4":{"start":{"line":24,"column":8},"end":{"line":24,"column":44}},"5":{"start":{"line":25,"column":13},"end":{"line":33,"column":7}},"6":{"start":{"line":29,"column":8},"end":{"line":29,"column":35}},"7":{"start":{"line":32,"column":8},"end":{"line":32,"column":44}},"8":{"start":{"line":34,"column":6},"end":{"line":34,"column":32}},"9":{"start":{"line":36,"column":19},"end":{"line":36,"column":37}},"10":{"start":{"line":37,"column":27},"end":{"line":37,"column":49}},"11":{"start":{"line":38,"column":18},"end":{"line":38,"column":20}},"12":{"start":{"line":39,"column":40},"end":{"line":39,"column":42}},"13":{"start":{"line":41,"column":2},"end":{"line":41,"column":49}},"14":{"start":{"line":42,"column":2},"end":{"line":42,"column":59}},"15":{"start":{"line":43,"column":2},"end":{"line":45,"column":4}},"16":{"start":{"line":46,"column":2},"end":{"line":46,"column":79}},"17":{"start":{"line":47,"column":2},"end":{"line":47,"column":55}},"18":{"start":{"line":48,"column":2},"end":{"line":48,"column":19}}},"fnMap":{"0":{"name":"fetchBlogData","decl":{"start":{"line":11,"column":22},"end":{"line":11,"column":35}},"loc":{"start":{"line":11,"column":38},"end":{"line":49,"column":1}},"line":11},"1":{"name":"(anonymous_1)","decl":{"start":{"line":18,"column":11},"end":{"line":18,"column":12}},"loc":{"start":{"line":18,"column":28},"end":{"line":35,"column":5}},"line":18}},"branchMap":{"0":{"loc":{"start":{"line":19,"column":6},"end":{"line":33,"column":7}},"type":"if","locations":[{"start":{"line":19,"column":6},"end":{"line":33,"column":7}},{"start":{"line":25,"column":13},"end":{"line":33,"column":7}}],"line":19},"1":{"loc":{"start":{"line":25,"column":13},"end":{"line":33,"column":7}},"type":"if","locations":[{"start":{"line":25,"column":13},"end":{"line":33,"column":7}},{"start":{"line":30,"column":13},"end":{"line":33,"column":7}}],"line":25}},"s":{"0":0,"1":0,"2":0,"3":0,"4":0,"5":0,"6":0,"7":0,"8":0,"9":0,"10":0,"11":0,"12":0,"13":0,"14":0,"15":0,"16":0,"17":0,"18":0},"f":{"0":0,"1":0},"b":{"0":[0,0],"1":[0,0]}}
}
