{"C:\\Users\\hunterej\\OneDrive - UT Arlington\\Documents\\DrupalProject\\UTA_Librairies\\src\\components\\Options.js": {"path":"C:\\Users\\hunterej\\OneDrive - UT Arlington\\Documents\\DrupalProject\\UTA_Librairies\\src\\components\\Options.js","statementMap":{"0":{"start":{"line":12,"column":0},"end":{"line":20,"column":3}},"1":{"start":{"line":14,"column":4},"end":{"line":18,"column":6}},"2":{"start":{"line":23,"column":2},"end":{"line":36,"column":5}},"3":{"start":{"line":39,"column":16},"end":{"line":167,"column":1}},"4":{"start":{"line":40,"column":2},"end":{"line":42,"column":9}},"5":{"start":{"line":41,"column":4},"end":{"line":41,"column":30}},"6":{"start":{"line":43,"column":2},"end":{"line":61,"column":9}},"7":{"start":{"line":44,"column":28},"end":{"line":51,"column":5}},"8":{"start":{"line":46,"column":8},"end":{"line":46,"column":45}},"9":{"start":{"line":47,"column":8},"end":{"line":47,"column":34}},"10":{"start":{"line":48,"column":25},"end":{"line":48,"column":67}},"11":{"start":{"line":49,"column":8},"end":{"line":49,"column":30}},"12":{"start":{"line":53,"column":6},"end":{"line":56,"column":8}},"13":{"start":{"line":54,"column":8},"end":{"line":54,"column":54}},"14":{"start":{"line":55,"column":8},"end":{"line":55,"column":30}},"15":{"start":{"line":57,"column":4},"end":{"line":60,"column":6}},"16":{"start":{"line":58,"column":6},"end":{"line":58,"column":31}},"17":{"start":{"line":59,"column":6},"end":{"line":59,"column":31}},"18":{"start":{"line":63,"column":4},"end":{"line":63,"column":41}},"19":{"start":{"line":66,"column":4},"end":{"line":75,"column":7}},"20":{"start":{"line":77,"column":2},"end":{"line":166,"column":4}},"21":{"start":{"line":93,"column":32},"end":{"line":96,"column":11}},"22":{"start":{"line":97,"column":25},"end":{"line":97,"column":59}},"23":{"start":{"line":147,"column":32},"end":{"line":150,"column":11}},"24":{"start":{"line":151,"column":25},"end":{"line":151,"column":54}},"25":{"start":{"line":171,"column":15},"end":{"line":191,"column":2}}},"fnMap":{"0":{"name":"(anonymous_0)","decl":{"start":{"line":13,"column":22},"end":{"line":13,"column":23}},"loc":{"start":{"line":13,"column":34},"end":{"line":19,"column":3}},"line":13},"1":{"name":"requestPermissionsAsync","decl":{"start":{"line":22,"column":15},"end":{"line":22,"column":38}},"loc":{"start":{"line":22,"column":41},"end":{"line":37,"column":1}},"line":22},"2":{"name":"(anonymous_2)","decl":{"start":{"line":39,"column":16},"end":{"line":39,"column":17}},"loc":{"start":{"line":39,"column":34},"end":{"line":167,"column":1}},"line":39},"3":{"name":"(anonymous_3)","decl":{"start":{"line":40,"column":12},"end":{"line":40,"column":13}},"loc":{"start":{"line":40,"column":18},"end":{"line":42,"column":3}},"line":40},"4":{"name":"(anonymous_4)","decl":{"start":{"line":43,"column":12},"end":{"line":43,"column":13}},"loc":{"start":{"line":43,"column":18},"end":{"line":61,"column":3}},"line":43},"5":{"name":"(anonymous_5)","decl":{"start":{"line":45,"column":6},"end":{"line":45,"column":7}},"loc":{"start":{"line":45,"column":24},"end":{"line":50,"column":7}},"line":45},"6":{"name":"(anonymous_6)","decl":{"start":{"line":53,"column":60},"end":{"line":53,"column":61}},"loc":{"start":{"line":53,"column":74},"end":{"line":56,"column":7}},"line":53},"7":{"name":"(anonymous_7)","decl":{"start":{"line":57,"column":11},"end":{"line":57,"column":12}},"loc":{"start":{"line":57,"column":17},"end":{"line":60,"column":5}},"line":57},"8":{"name":"openDrawerHandler","decl":{"start":{"line":62,"column":11},"end":{"line":62,"column":28}},"loc":{"start":{"line":62,"column":46},"end":{"line":64,"column":3}},"line":62},"9":{"name":"scheduleNotificationHandler","decl":{"start":{"line":65,"column":11},"end":{"line":65,"column":38}},"loc":{"start":{"line":65,"column":41},"end":{"line":76,"column":3}},"line":65},"10":{"name":"(anonymous_10)","decl":{"start":{"line":93,"column":17},"end":{"line":93,"column":18}},"loc":{"start":{"line":93,"column":32},"end":{"line":96,"column":11}},"line":93},"11":{"name":"(anonymous_11)","decl":{"start":{"line":97,"column":19},"end":{"line":97,"column":20}},"loc":{"start":{"line":97,"column":25},"end":{"line":97,"column":59}},"line":97},"12":{"name":"(anonymous_12)","decl":{"start":{"line":147,"column":17},"end":{"line":147,"column":18}},"loc":{"start":{"line":147,"column":32},"end":{"line":150,"column":11}},"line":147},"13":{"name":"(anonymous_13)","decl":{"start":{"line":151,"column":19},"end":{"line":151,"column":20}},"loc":{"start":{"line":151,"column":25},"end":{"line":151,"column":54}},"line":151}},"branchMap":{"0":{"loc":{"start":{"line":95,"column":12},"end":{"line":95,"column":49}},"type":"cond-expr","locations":[{"start":{"line":95,"column":22},"end":{"line":95,"column":42}},{"start":{"line":95,"column":45},"end":{"line":95,"column":49}}],"line":95},"1":{"loc":{"start":{"line":149,"column":12},"end":{"line":149,"column":49}},"type":"cond-expr","locations":[{"start":{"line":149,"column":22},"end":{"line":149,"column":42}},{"start":{"line":149,"column":45},"end":{"line":149,"column":49}}],"line":149}},"s":{"0":0,"1":0,"2":0,"3":0,"4":0,"5":0,"6":0,"7":0,"8":0,"9":0,"10":0,"11":0,"12":0,"13":0,"14":0,"15":0,"16":0,"17":0,"18":0,"19":0,"20":0,"21":0,"22":0,"23":0,"24":0,"25":0},"f":{"0":0,"1":0,"2":0,"3":0,"4":0,"5":0,"6":0,"7":0,"8":0,"9":0,"10":0,"11":0,"12":0,"13":0},"b":{"0":[0,0],"1":[0,0]}}
,"C:\\Users\\hunterej\\OneDrive - UT Arlington\\Documents\\DrupalProject\\UTA_Librairies\\src\\screens\\NewsAndEventsScreen.js": {"path":"C:\\Users\\hunterej\\OneDrive - UT Arlington\\Documents\\DrupalProject\\UTA_Librairies\\src\\screens\\NewsAndEventsScreen.js","statementMap":{"0":{"start":{"line":8,"column":26},"end":{"line":8,"column":47}},"1":{"start":{"line":9,"column":22},"end":{"line":9,"column":45}},"2":{"start":{"line":10,"column":20},"end":{"line":10,"column":37}},"3":{"start":{"line":12,"column":19},"end":{"line":14,"column":5}},"4":{"start":{"line":15,"column":4},"end":{"line":28,"column":6}},"5":{"start":{"line":31,"column":2},"end":{"line":47,"column":4}},"6":{"start":{"line":41,"column":32},"end":{"line":41,"column":39}},"7":{"start":{"line":52,"column":15},"end":{"line":57,"column":2}}},"fnMap":{"0":{"name":"NewsAndEventsScreen","decl":{"start":{"line":7,"column":9},"end":{"line":7,"column":28}},"loc":{"start":{"line":7,"column":31},"end":{"line":48,"column":1}},"line":7},"1":{"name":"renderBlogItem","decl":{"start":{"line":11,"column":11},"end":{"line":11,"column":25}},"loc":{"start":{"line":11,"column":36},"end":{"line":29,"column":3}},"line":11},"2":{"name":"(anonymous_2)","decl":{"start":{"line":41,"column":22},"end":{"line":41,"column":23}},"loc":{"start":{"line":41,"column":32},"end":{"line":41,"column":39}},"line":41}},"branchMap":{},"s":{"0":0,"1":0,"2":0,"3":0,"4":0,"5":0,"6":0,"7":0},"f":{"0":0,"1":0,"2":0},"b":{}}
}
