TN:
SF:src\components\Options.js
FN:13,(anonymous_0)
FN:22,requestPermissionsAsync
FN:39,(anonymous_2)
FN:40,(anonymous_3)
FN:43,(anonymous_4)
FN:45,(anonymous_5)
FN:53,(anonymous_6)
FN:57,(anonymous_7)
FN:62,openDrawerHandler
FN:65,scheduleNotificationHandler
FN:93,(anonymous_10)
FN:97,(anonymous_11)
FN:147,(anonymous_12)
FN:151,(anonymous_13)
FNF:14
FNH:0
FNDA:0,(anonymous_0)
FNDA:0,requestPermissionsAsync
FNDA:0,(anonymous_2)
FNDA:0,(anonymous_3)
FNDA:0,(anonymous_4)
FNDA:0,(anonymous_5)
FNDA:0,(anonymous_6)
FNDA:0,(anonymous_7)
FNDA:0,openDrawerHandler
FNDA:0,scheduleNotificationHandler
FNDA:0,(anonymous_10)
FNDA:0,(anonymous_11)
FNDA:0,(anonymous_12)
FNDA:0,(anonymous_13)
DA:12,0
DA:14,0
DA:23,0
DA:39,0
DA:40,0
DA:41,0
DA:43,0
DA:44,0
DA:46,0
DA:47,0
DA:48,0
DA:49,0
DA:53,0
DA:54,0
DA:55,0
DA:57,0
DA:58,0
DA:59,0
DA:63,0
DA:66,0
DA:77,0
DA:93,0
DA:97,0
DA:147,0
DA:151,0
DA:171,0
LF:26
LH:0
BRDA:95,0,0,0
BRDA:95,0,1,0
BRDA:149,1,0,0
BRDA:149,1,1,0
BRF:4
BRH:0
end_of_record
TN:
SF:src\screens\NewsAndEventsScreen.js
FN:7,NewsAndEventsScreen
FN:11,renderBlogItem
FN:41,(anonymous_2)
FNF:3
FNH:0
FNDA:0,NewsAndEventsScreen
FNDA:0,renderBlogItem
FNDA:0,(anonymous_2)
DA:8,0
DA:9,0
DA:10,0
DA:12,0
DA:15,0
DA:31,0
DA:41,0
DA:52,0
LF:8
LH:0
BRF:0
BRH:0
end_of_record
