TN:
SF:src\App.js
FN:18,DrawerNavigation
FN:22,(anonymous_1)
FN:24,(anonymous_2)
FN:46,App
FNF:4
FNH:0
FNDA:0,DrawerNavigation
FNDA:0,(anonymous_1)
FNDA:0,(anonymous_2)
FNDA:0,App
DA:15,0
DA:16,0
DA:19,0
DA:22,0
DA:24,0
DA:47,0
LF:6
LH:0
BRF:0
BRH:0
end_of_record
TN:
SF:src\components\BackButton.js
FN:4,BackButton
FN:6,(anonymous_1)
FNF:2
FNH:0
FNDA:0,BackButton
FNDA:0,(anonymous_1)
DA:5,0
DA:6,0
DA:21,0
LF:3
LH:0
BRF:0
BRH:0
end_of_record
TN:
SF:src\components\HeaderImage.js
FN:3,HeaderImage
FNF:1
FNH:0
FNDA:0,HeaderImage
DA:4,0
DA:20,0
DA:22,0
LF:3
LH:0
BRF:0
BRH:0
end_of_record
TN:
SF:src\components\Options.js
FN:11,(anonymous_0)
FN:12,openDrawerHandler
FN:31,(anonymous_2)
FN:35,(anonymous_3)
FNF:4
FNH:4
FNDA:13,(anonymous_0)
FNDA:1,openDrawerHandler
FNDA:13,(anonymous_2)
FNDA:1,(anonymous_3)
DA:11,1
DA:13,1
DA:15,13
DA:31,13
DA:35,1
DA:99,1
LF:6
LH:6
BRDA:33,0,0,0
BRDA:33,0,1,13
BRF:2
BRH:1
end_of_record
TN:
SF:src\constants\styles.js
FNF:0
FNH:0
DA:1,1
LF:1
LH:1
BRF:0
BRH:0
end_of_record
TN:
SF:src\constants\urls.js
FNF:0
FNH:0
DA:2,0
DA:4,0
DA:7,0
LF:3
LH:0
BRF:0
BRH:0
end_of_record
TN:
SF:src\screens\HomeScreen.js
FN:8,Home
FN:11,(anonymous_1)
FN:12,getBlogData
FNF:3
FNH:0
FNDA:0,Home
FNDA:0,(anonymous_1)
FNDA:0,getBlogData
DA:9,0
DA:10,0
DA:11,0
DA:13,0
DA:14,0
DA:16,0
DA:19,0
DA:31,0
LF:8
LH:0
BRF:0
BRH:0
end_of_record
TN:
SF:src\screens\NewsAndEventsScreen.js
FN:8,NewsAndEventsScreen
FN:12,renderBlogItem
FN:42,(anonymous_2)
FNF:3
FNH:0
FNDA:0,NewsAndEventsScreen
FNDA:0,renderBlogItem
FNDA:0,(anonymous_2)
DA:9,0
DA:10,0
DA:11,0
DA:13,0
DA:16,0
DA:32,0
DA:42,0
DA:53,0
LF:8
LH:0
BRF:0
BRH:0
end_of_record
TN:
SF:src\util\blog_newAndEvents_dataFormatter.js
FN:5,createInitialPosts
FN:26,extractParagraphandImageIds
FN:37,extractParagraphandImageValues
FN:71,createBodyHtml
FN:78,(anonymous_4)
FN:89,getBlogFeaturedImageUrl
FNF:6
FNH:0
FNDA:0,createInitialPosts
FNDA:0,extractParagraphandImageIds
FNDA:0,extractParagraphandImageValues
FNDA:0,createBodyHtml
FNDA:0,(anonymous_4)
FNDA:0,getBlogFeaturedImageUrl
DA:6,0
DA:8,0
DA:9,0
DA:21,0
DA:23,0
DA:27,0
DA:28,0
DA:29,0
DA:30,0
DA:32,0
DA:34,0
DA:38,0
DA:40,0
DA:41,0
DA:45,0
DA:46,0
DA:48,0
DA:53,0
DA:54,0
DA:57,0
DA:59,0
DA:60,0
DA:61,0
DA:62,0
DA:64,0
DA:66,0
DA:68,0
DA:75,0
DA:76,0
DA:77,0
DA:78,0
DA:81,0
DA:84,0
DA:86,0
DA:90,0
DA:91,0
DA:92,0
DA:94,0
DA:95,0
DA:97,0
DA:98,0
DA:99,0
DA:100,0
DA:101,0
DA:103,0
LF:45
LH:0
BRDA:45,0,0,0
BRDA:45,0,1,0
BRDA:48,1,0,0
BRDA:48,1,1,0
BRDA:49,2,0,0
BRDA:49,2,1,0
BRDA:81,3,0,0
BRDA:81,3,1,0
BRF:8
BRH:0
end_of_record
TN:
SF:src\util\http.js
FN:11,fetchBlogData
FN:18,(anonymous_1)
FNF:2
FNH:0
FNDA:0,fetchBlogData
FNDA:0,(anonymous_1)
DA:12,0
DA:19,0
DA:22,0
DA:23,0
DA:24,0
DA:25,0
DA:29,0
DA:32,0
DA:34,0
DA:36,0
DA:37,0
DA:38,0
DA:39,0
DA:41,0
DA:42,0
DA:43,0
DA:46,0
DA:47,0
DA:48,0
LF:19
LH:0
BRDA:19,0,0,0
BRDA:19,0,1,0
BRDA:25,1,0,0
BRDA:25,1,1,0
BRF:4
BRH:0
end_of_record
